{"/Users/lavimati/Desktop/dev/money-tracking-app/jest/mockedStructures.js": {"path":"/Users/lavimati/Desktop/dev/money-tracking-app/jest/mockedStructures.js","statementMap":{"0":{"start":{"line":1,"column":20},"end":{"line":1,"column":53}},"1":{"start":{"line":2,"column":24},"end":{"line":6,"column":1}},"2":{"start":{"line":7,"column":21},"end":{"line":11,"column":1}},"3":{"start":{"line":12,"column":25},"end":{"line":16,"column":1}},"4":{"start":{"line":18,"column":0},"end":{"line":22,"column":1}}},"fnMap":{},"branchMap":{},"s":{"0":2,"1":2,"2":2,"3":2,"4":2},"f":{},"b":{},"_coverageSchema":"1a1c01bbd47fc00a2c39e90264f33305004495a9","hash":"5ed0d0468da52b3d5d7c068b5734485c58bbe6d7"}
,"/Users/lavimati/Desktop/dev/money-tracking-app/src/js/utils.js": {"path":"/Users/lavimati/Desktop/dev/money-tracking-app/src/js/utils.js","statementMap":{"0":{"start":{"line":1,"column":20},"end":{"line":1,"column":45}},"1":{"start":{"line":4,"column":4},"end":{"line":8,"column":5}},"2":{"start":{"line":4,"column":16},"end":{"line":4,"column":17}},"3":{"start":{"line":5,"column":8},"end":{"line":7,"column":9}},"4":{"start":{"line":6,"column":12},"end":{"line":6,"column":21}},"5":{"start":{"line":9,"column":4},"end":{"line":9,"column":14}},"6":{"start":{"line":12,"column":4},"end":{"line":12,"column":115}},"7":{"start":{"line":15,"column":19},"end":{"line":15,"column":49}},"8":{"start":{"line":16,"column":4},"end":{"line":21,"column":5}},"9":{"start":{"line":17,"column":8},"end":{"line":20,"column":9}},"10":{"start":{"line":22,"column":4},"end":{"line":22,"column":30}},"11":{"start":{"line":25,"column":0},"end":{"line":29,"column":1}}},"fnMap":{"0":{"name":"findIndex","decl":{"start":{"line":3,"column":9},"end":{"line":3,"column":18}},"loc":{"start":{"line":3,"column":29},"end":{"line":10,"column":1}},"line":3},"1":{"name":"isValidOperation","decl":{"start":{"line":11,"column":9},"end":{"line":11,"column":25}},"loc":{"start":{"line":11,"column":30},"end":{"line":13,"column":1}},"line":11},"2":{"name":"getWallet","decl":{"start":{"line":14,"column":9},"end":{"line":14,"column":18}},"loc":{"start":{"line":14,"column":21},"end":{"line":23,"column":1}},"line":14}},"branchMap":{"0":{"loc":{"start":{"line":5,"column":8},"end":{"line":7,"column":9}},"type":"if","locations":[{"start":{"line":5,"column":8},"end":{"line":7,"column":9}},{"start":{},"end":{}}],"line":5},"1":{"loc":{"start":{"line":12,"column":11},"end":{"line":12,"column":114}},"type":"binary-expr","locations":[{"start":{"line":12,"column":11},"end":{"line":12,"column":13}},{"start":{"line":12,"column":17},"end":{"line":12,"column":31}},{"start":{"line":12,"column":35},"end":{"line":12,"column":60}},{"start":{"line":12,"column":64},"end":{"line":12,"column":114}}],"line":12},"2":{"loc":{"start":{"line":16,"column":4},"end":{"line":21,"column":5}},"type":"if","locations":[{"start":{"line":16,"column":4},"end":{"line":21,"column":5}},{"start":{},"end":{}}],"line":16}},"s":{"0":2,"1":5,"2":5,"3":9,"4":3,"5":2,"6":9,"7":11,"8":11,"9":10,"10":1,"11":2},"f":{"0":5,"1":9,"2":11},"b":{"0":[3,6],"1":[9,9,9,7],"2":[10,1]},"_coverageSchema":"1a1c01bbd47fc00a2c39e90264f33305004495a9","hash":"9a31dd70b6f1a73f11ca9c020a0b076a36ad4949"}
,"/Users/lavimati/Desktop/dev/money-tracking-app/src/js/models/Wallet.js": {"path":"/Users/lavimati/Desktop/dev/money-tracking-app/src/js/models/Wallet.js","statementMap":{"0":{"start":{"line":1,"column":19},"end":{"line":1,"column":38}},"1":{"start":{"line":2,"column":20},"end":{"line":2,"column":38}},"2":{"start":{"line":5,"column":18},"end":{"line":5,"column":19}},"3":{"start":{"line":6,"column":21},"end":{"line":6,"column":23}},"4":{"start":{"line":8,"column":23},"end":{"line":8,"column":45}},"5":{"start":{"line":9,"column":8},"end":{"line":9,"column":33}},"6":{"start":{"line":10,"column":8},"end":{"line":10,"column":39}},"7":{"start":{"line":13,"column":8},"end":{"line":13,"column":100}},"8":{"start":{"line":15,"column":4},"end":{"line":33,"column":5}},"9":{"start":{"line":16,"column":8},"end":{"line":18,"column":9}},"10":{"start":{"line":17,"column":12},"end":{"line":17,"column":72}},"11":{"start":{"line":19,"column":27},"end":{"line":25,"column":9}},"12":{"start":{"line":26,"column":8},"end":{"line":30,"column":9}},"13":{"start":{"line":27,"column":12},"end":{"line":27,"column":40}},"14":{"start":{"line":28,"column":15},"end":{"line":30,"column":9}},"15":{"start":{"line":29,"column":12},"end":{"line":29,"column":40}},"16":{"start":{"line":31,"column":8},"end":{"line":31,"column":35}},"17":{"start":{"line":32,"column":8},"end":{"line":32,"column":21}},"18":{"start":{"line":34,"column":4},"end":{"line":50,"column":5}},"19":{"start":{"line":35,"column":31},"end":{"line":37,"column":10}},"20":{"start":{"line":36,"column":11},"end":{"line":36,"column":38}},"21":{"start":{"line":38,"column":8},"end":{"line":40,"column":9}},"22":{"start":{"line":39,"column":12},"end":{"line":39,"column":74}},"23":{"start":{"line":41,"column":26},"end":{"line":41,"column":52}},"24":{"start":{"line":42,"column":8},"end":{"line":47,"column":9}},"25":{"start":{"line":43,"column":12},"end":{"line":43,"column":40}},"26":{"start":{"line":45,"column":13},"end":{"line":47,"column":9}},"27":{"start":{"line":46,"column":12},"end":{"line":46,"column":40}},"28":{"start":{"line":48,"column":8},"end":{"line":48,"column":45}},"29":{"start":{"line":49,"column":8},"end":{"line":49,"column":21}},"30":{"start":{"line":51,"column":4},"end":{"line":62,"column":5}},"31":{"start":{"line":52,"column":20},"end":{"line":52,"column":52}},"32":{"start":{"line":53,"column":32},"end":{"line":53,"column":34}},"33":{"start":{"line":54,"column":8},"end":{"line":60,"column":9}},"34":{"start":{"line":54,"column":20},"end":{"line":54,"column":21}},"35":{"start":{"line":55,"column":30},"end":{"line":55,"column":69}},"36":{"start":{"line":56,"column":12},"end":{"line":59,"column":13}},"37":{"start":{"line":57,"column":16},"end":{"line":57,"column":52}},"38":{"start":{"line":58,"column":16},"end":{"line":58,"column":22}},"39":{"start":{"line":61,"column":8},"end":{"line":61,"column":31}},"40":{"start":{"line":63,"column":4},"end":{"line":65,"column":5}},"41":{"start":{"line":64,"column":8},"end":{"line":64,"column":23}},"42":{"start":{"line":66,"column":4},"end":{"line":68,"column":5}},"43":{"start":{"line":67,"column":8},"end":{"line":67,"column":26}},"44":{"start":{"line":69,"column":4},"end":{"line":69,"column":11}},"45":{"start":{"line":72,"column":0},"end":{"line":74,"column":1}}},"fnMap":{"0":{"name":"Wallet","decl":{"start":{"line":4,"column":9},"end":{"line":4,"column":15}},"loc":{"start":{"line":4,"column":18},"end":{"line":70,"column":1}},"line":4},"1":{"name":"init","decl":{"start":{"line":7,"column":13},"end":{"line":7,"column":17}},"loc":{"start":{"line":7,"column":20},"end":{"line":11,"column":5}},"line":7},"2":{"name":"saveWallet","decl":{"start":{"line":12,"column":13},"end":{"line":12,"column":23}},"loc":{"start":{"line":12,"column":27},"end":{"line":14,"column":5}},"line":12},"3":{"name":"(anonymous_3)","decl":{"start":{"line":15,"column":24},"end":{"line":15,"column":25}},"loc":{"start":{"line":15,"column":37},"end":{"line":33,"column":5}},"line":15},"4":{"name":"(anonymous_4)","decl":{"start":{"line":34,"column":27},"end":{"line":34,"column":28}},"loc":{"start":{"line":34,"column":40},"end":{"line":50,"column":5}},"line":34},"5":{"name":"(anonymous_5)","decl":{"start":{"line":35,"column":64},"end":{"line":35,"column":65}},"loc":{"start":{"line":35,"column":84},"end":{"line":37,"column":9}},"line":35},"6":{"name":"(anonymous_6)","decl":{"start":{"line":51,"column":25},"end":{"line":51,"column":26}},"loc":{"start":{"line":51,"column":47},"end":{"line":62,"column":5}},"line":51},"7":{"name":"(anonymous_7)","decl":{"start":{"line":63,"column":22},"end":{"line":63,"column":23}},"loc":{"start":{"line":63,"column":33},"end":{"line":65,"column":5}},"line":63},"8":{"name":"(anonymous_8)","decl":{"start":{"line":66,"column":25},"end":{"line":66,"column":26}},"loc":{"start":{"line":66,"column":36},"end":{"line":68,"column":5}},"line":66}},"branchMap":{"0":{"loc":{"start":{"line":16,"column":8},"end":{"line":18,"column":9}},"type":"if","locations":[{"start":{"line":16,"column":8},"end":{"line":18,"column":9}},{"start":{},"end":{}}],"line":16},"1":{"loc":{"start":{"line":26,"column":8},"end":{"line":30,"column":9}},"type":"if","locations":[{"start":{"line":26,"column":8},"end":{"line":30,"column":9}},{"start":{"line":28,"column":15},"end":{"line":30,"column":9}}],"line":26},"2":{"loc":{"start":{"line":28,"column":15},"end":{"line":30,"column":9}},"type":"if","locations":[{"start":{"line":28,"column":15},"end":{"line":30,"column":9}},{"start":{},"end":{}}],"line":28},"3":{"loc":{"start":{"line":38,"column":8},"end":{"line":40,"column":9}},"type":"if","locations":[{"start":{"line":38,"column":8},"end":{"line":40,"column":9}},{"start":{},"end":{}}],"line":38},"4":{"loc":{"start":{"line":42,"column":8},"end":{"line":47,"column":9}},"type":"if","locations":[{"start":{"line":42,"column":8},"end":{"line":47,"column":9}},{"start":{"line":45,"column":13},"end":{"line":47,"column":9}}],"line":42},"5":{"loc":{"start":{"line":45,"column":13},"end":{"line":47,"column":9}},"type":"if","locations":[{"start":{"line":45,"column":13},"end":{"line":47,"column":9}},{"start":{},"end":{}}],"line":45},"6":{"loc":{"start":{"line":56,"column":12},"end":{"line":59,"column":13}},"type":"if","locations":[{"start":{"line":56,"column":12},"end":{"line":59,"column":13}},{"start":{},"end":{}}],"line":56}},"s":{"0":1,"1":1,"2":9,"3":9,"4":9,"5":9,"6":9,"7":8,"8":9,"9":7,"10":1,"11":6,"12":6,"13":4,"14":2,"15":2,"16":6,"17":6,"18":9,"19":3,"20":2,"21":3,"22":1,"23":2,"24":2,"25":1,"26":1,"27":1,"28":2,"29":2,"30":9,"31":1,"32":1,"33":1,"34":1,"35":1,"36":1,"37":1,"38":1,"39":1,"40":9,"41":6,"42":9,"43":8,"44":9,"45":1},"f":{"0":9,"1":9,"2":8,"3":7,"4":3,"5":2,"6":1,"7":6,"8":8},"b":{"0":[1,6],"1":[4,2],"2":[2,0],"3":[1,2],"4":[1,1],"5":[1,0],"6":[1,0]},"_coverageSchema":"1a1c01bbd47fc00a2c39e90264f33305004495a9","hash":"1ed5a56e58a8fe3bad41efe2b91c66a8f7d9daaa"}
,"/Users/lavimati/Desktop/dev/money-tracking-app/src/js/models/enums.js": {"path":"/Users/lavimati/Desktop/dev/money-tracking-app/src/js/models/enums.js","statementMap":{"0":{"start":{"line":1,"column":15},"end":{"line":4,"column":2}},"1":{"start":{"line":5,"column":21},"end":{"line":8,"column":2}},"2":{"start":{"line":10,"column":0},"end":{"line":13,"column":1}}},"fnMap":{},"branchMap":{},"s":{"0":2,"1":2,"2":2},"f":{},"b":{},"_coverageSchema":"1a1c01bbd47fc00a2c39e90264f33305004495a9","hash":"f653223f0e9087a9b88dce799e4db2a35548f283"}
}
