TN:
SF:jest/mockedStructures.js
FNF:0
FNH:0
DA:1,2
DA:2,2
DA:7,2
DA:12,2
DA:18,2
LF:5
LH:5
BRF:0
BRH:0
end_of_record
TN:
SF:src/js/utils.js
FN:3,findIndex
FN:11,isValidOperation
FN:14,getWallet
FNF:3
FNH:3
FNDA:5,findIndex
FNDA:9,isValidOperation
FNDA:11,getWallet
DA:1,2
DA:4,5
DA:5,9
DA:6,3
DA:9,2
DA:12,9
DA:15,11
DA:16,11
DA:17,10
DA:22,1
DA:25,2
LF:11
LH:11
BRDA:5,0,0,3
BRDA:5,0,1,6
BRDA:12,1,0,9
BRDA:12,1,1,9
BRDA:12,1,2,9
BRDA:12,1,3,7
BRDA:16,2,0,10
BRDA:16,2,1,1
BRF:8
BRH:8
end_of_record
TN:
SF:src/js/models/Wallet.js
FN:4,Wallet
FN:7,init
FN:12,saveWallet
FN:15,(anonymous_3)
FN:34,(anonymous_4)
FN:35,(anonymous_5)
FN:51,(anonymous_6)
FN:63,(anonymous_7)
FN:66,(anonymous_8)
FNF:9
FNH:9
FNDA:9,Wallet
FNDA:9,init
FNDA:8,saveWallet
FNDA:7,(anonymous_3)
FNDA:3,(anonymous_4)
FNDA:2,(anonymous_5)
FNDA:1,(anonymous_6)
FNDA:6,(anonymous_7)
FNDA:8,(anonymous_8)
DA:1,1
DA:2,1
DA:5,9
DA:6,9
DA:8,9
DA:9,9
DA:10,9
DA:13,8
DA:15,9
DA:16,7
DA:17,1
DA:19,6
DA:26,6
DA:27,4
DA:28,2
DA:29,2
DA:31,6
DA:32,6
DA:34,9
DA:35,3
DA:36,2
DA:38,3
DA:39,1
DA:41,2
DA:42,2
DA:43,1
DA:45,1
DA:46,1
DA:48,2
DA:49,2
DA:51,9
DA:52,1
DA:53,1
DA:54,1
DA:55,1
DA:56,1
DA:57,1
DA:58,1
DA:61,1
DA:63,9
DA:64,6
DA:66,9
DA:67,8
DA:69,9
DA:72,1
LF:45
LH:45
BRDA:16,0,0,1
BRDA:16,0,1,6
BRDA:26,1,0,4
BRDA:26,1,1,2
BRDA:28,2,0,2
BRDA:28,2,1,0
BRDA:38,3,0,1
BRDA:38,3,1,2
BRDA:42,4,0,1
BRDA:42,4,1,1
BRDA:45,5,0,1
BRDA:45,5,1,0
BRDA:56,6,0,1
BRDA:56,6,1,0
BRF:14
BRH:11
end_of_record
TN:
SF:src/js/models/enums.js
FNF:0
FNH:0
DA:1,2
DA:5,2
DA:10,2
LF:3
LH:3
BRF:0
BRH:0
end_of_record
